0 info it worked if it ends with ok
1 verbose cli [ '/usr/local/Cellar/node/7.2.0/bin/node',
1 verbose cli   '/usr/local/bin/npm',
1 verbose cli   'install',
1 verbose cli   '[-g]',
1 verbose cli   'minifier' ]
2 info using npm@3.10.9
3 info using node@v7.2.0
4 verbose config Skipping project config: /Users/vkozhushko/.npmrc. (matches userconfig)
5 silly loadCurrentTree Starting
6 silly install loadCurrentTree
7 silly install readLocalPackageData
8 silly fetchPackageMetaData [-g]
9 silly fetchPackageMetaData minifier
10 silly fetchOtherPackageData [-g]
11 silly cache add args [ '[-g]', null ]
12 verbose cache add spec [-g]
13 silly fetchNamedPackageData minifier
14 silly mapToRegistry name minifier
15 silly mapToRegistry using default registry
16 silly mapToRegistry registry https://registry.npmjs.org/
17 silly mapToRegistry data Result {
17 silly mapToRegistry   raw: 'minifier',
17 silly mapToRegistry   scope: null,
17 silly mapToRegistry   escapedName: 'minifier',
17 silly mapToRegistry   name: 'minifier',
17 silly mapToRegistry   rawSpec: '',
17 silly mapToRegistry   spec: 'latest',
17 silly mapToRegistry   type: 'tag' }
18 silly mapToRegistry uri https://registry.npmjs.org/minifier
19 silly cache add parsed spec Result {
19 silly cache add   raw: '[-g]',
19 silly cache add   scope: null,
19 silly cache add   escapedName: null,
19 silly cache add   name: null,
19 silly cache add   rawSpec: '[-g]',
19 silly cache add   spec: '/Users/vkozhushko/Dropbox/Webdesign/Canabudz.ca/css/[-g]',
19 silly cache add   type: 'local' }
20 error addLocal Could not install /Users/vkozhushko/Dropbox/Webdesign/Canabudz.ca/css/[-g]
21 silly fetchPackageMetaData Error: ENOENT: no such file or directory, open '/Users/vkozhushko/Dropbox/Webdesign/Canabudz.ca/css/[-g]'
21 silly fetchPackageMetaData  error for [-g] { Error: ENOENT: no such file or directory, open '/Users/vkozhushko/Dropbox/Webdesign/Canabudz.ca/css/[-g]'
21 silly fetchPackageMetaData   errno: -2,
21 silly fetchPackageMetaData   code: 'ENOENT',
21 silly fetchPackageMetaData   syscall: 'open',
21 silly fetchPackageMetaData   path: '/Users/vkozhushko/Dropbox/Webdesign/Canabudz.ca/css/[-g]' }
22 verbose request uri https://registry.npmjs.org/minifier
23 verbose request no auth needed
24 info attempt registry request try #1 at 11:26:36 PM
25 verbose request id 24c9f4ba2479f19c
26 verbose etag W/"58a81f27-5f63"
27 verbose lastModified Sat, 18 Feb 2017 10:17:11 GMT
28 http request GET https://registry.npmjs.org/minifier
29 http 304 https://registry.npmjs.org/minifier
30 verbose headers { date: 'Thu, 23 Feb 2017 21:26:36 GMT',
30 verbose headers   via: '1.1 varnish',
30 verbose headers   'cache-control': 'max-age=300',
30 verbose headers   etag: 'W/"58a81f27-5f63"',
30 verbose headers   age: '14',
30 verbose headers   connection: 'keep-alive',
30 verbose headers   'x-served-by': 'cache-hhn1537-HHN',
30 verbose headers   'x-cache': 'HIT',
30 verbose headers   'x-cache-hits': '1',
30 verbose headers   'x-timer': 'S1487885196.807336,VS0,VE0',
30 verbose headers   vary: 'Accept-Encoding' }
31 silly get cb [ 304,
31 silly get   { date: 'Thu, 23 Feb 2017 21:26:36 GMT',
31 silly get     via: '1.1 varnish',
31 silly get     'cache-control': 'max-age=300',
31 silly get     etag: 'W/"58a81f27-5f63"',
31 silly get     age: '14',
31 silly get     connection: 'keep-alive',
31 silly get     'x-served-by': 'cache-hhn1537-HHN',
31 silly get     'x-cache': 'HIT',
31 silly get     'x-cache-hits': '1',
31 silly get     'x-timer': 'S1487885196.807336,VS0,VE0',
31 silly get     vary: 'Accept-Encoding' } ]
32 verbose etag https://registry.npmjs.org/minifier from cache
33 verbose get saving minifier to /Users/vkozhushko/.npm/registry.npmjs.org/minifier/.cache.json
34 verbose correctMkdir /Users/vkozhushko/.npm correctMkdir not in flight; initializing
35 silly rollbackFailedOptional Starting
36 silly rollbackFailedOptional Finishing
37 silly runTopLevelLifecycles Finishing
38 silly install printInstalled
39 verbose stack Error: ENOENT: no such file or directory, open '/Users/vkozhushko/Dropbox/Webdesign/Canabudz.ca/css/[-g]'
40 verbose cwd /Users/vkozhushko/Dropbox/Webdesign/Canabudz.ca/css
41 error Darwin 16.5.0
42 error argv "/usr/local/Cellar/node/7.2.0/bin/node" "/usr/local/bin/npm" "install" "[-g]" "minifier"
43 error node v7.2.0
44 error npm  v3.10.9
45 error path /Users/vkozhushko/Dropbox/Webdesign/Canabudz.ca/css/[-g]
46 error code ENOENT
47 error errno -2
48 error syscall open
49 error enoent ENOENT: no such file or directory, open '/Users/vkozhushko/Dropbox/Webdesign/Canabudz.ca/css/[-g]'
50 error enoent ENOENT: no such file or directory, open '/Users/vkozhushko/Dropbox/Webdesign/Canabudz.ca/css/[-g]'
50 error enoent This is most likely not a problem with npm itself
50 error enoent and is related to npm not being able to find a file.
51 verbose exit [ -2, true ]
